<?xml version="1.0" encoding="UTF-8"?>
<!-- Generated by org.testng.reporters.JUnitReportReporter -->
<testsuite hostname="Shiva" failures="0" tests="1" name="com.netbanking.testCases.TC_LoginTest_001" time="6.350" errors="0" timestamp="11 Apr 2022 17:08:26 GMT">
  <testcase classname="com.netbanking.testCases.TC_LoginTest_001" name="loginTest" time="6.350"/>
</testsuite> <!-- com.netbanking.testCases.TC_LoginTest_001 -->
