<?xml version="1.0" encoding="UTF-8"?>
<!-- Generated by org.testng.reporters.JUnitReportReporter -->
<testsuite hostname="Shiva" failures="0" tests="1" name="com.netbanking.testCases.TC_LoginTest_001" time="8.328" errors="0" timestamp="12 Apr 2022 10:30:54 GMT">
  <testcase classname="com.netbanking.testCases.TC_LoginTest_001" name="loginTest" time="8.328"/>
</testsuite> <!-- com.netbanking.testCases.TC_LoginTest_001 -->
